[INFO ] 2018-08-08 23:47:02.729 [main] robot - Initializing robot!
[FATAL] 2018-08-08 23:47:03.934 [main] robot - error while creating connection station
java.net.ConnectException: Connection refused: connect
	at java.net.DualStackPlainSocketImpl.connect0(Native Method) ~[?:1.7.0_80]
	at java.net.DualStackPlainSocketImpl.socketConnect(Unknown Source) ~[?:1.7.0_80]
	at java.net.AbstractPlainSocketImpl.doConnect(Unknown Source) ~[?:1.7.0_80]
	at java.net.AbstractPlainSocketImpl.connectToAddress(Unknown Source) ~[?:1.7.0_80]
	at java.net.AbstractPlainSocketImpl.connect(Unknown Source) ~[?:1.7.0_80]
	at java.net.PlainSocketImpl.connect(Unknown Source) ~[?:1.7.0_80]
	at java.net.SocksSocketImpl.connect(Unknown Source) ~[?:1.7.0_80]
	at java.net.Socket.connect(Unknown Source) ~[?:1.7.0_80]
	at java.net.Socket.connect(Unknown Source) ~[?:1.7.0_80]
	at java.net.Socket.<init>(Unknown Source) ~[?:1.7.0_80]
	at java.net.Socket.<init>(Unknown Source) ~[?:1.7.0_80]
	at org.greenblitz.gbEV3.common.StationAccessor.getConnection(StationAccessor.java:303) [bin/:?]
	at org.greenblitz.gbEV3.common.StationAccessor.init(StationAccessor.java:221) [bin/:?]
	at org.greenblitz.gbEV3.common.StationAccessor.<init>(StationAccessor.java:98) [bin/:?]
	at org.greenblitz.gbEV3.common.StationAccessor.init(StationAccessor.java:104) [bin/:?]
	at org.greenblitz.gbEV3.commandbased.Robot.gbEV3_MAIN(Robot.java:152) [bin/:?]
	at org.greenblitz.gbEV3.tests.full.robot.RobotMain.main(RobotMain.java:30) [bin/:?]
